This file contains any messages produced by compilers while
running configure, to aid debugging if configure makes a mistake.

It was created by Automated Testing Framework configure 0.12, which was
generated by GNU Autoconf 2.65.  Invocation command line was

  $ ./configure --prefix /home/each/isc/bind97x/unit/atf --no-create --no-recursion

## --------- ##
## Platform. ##
## --------- ##

hostname = biscuit
uname -m = x86_64
uname -r = 2.6.32-28-generic
uname -s = Linux
uname -v = #55-Ubuntu SMP Mon Jan 10 23:42:43 UTC 2011

/usr/bin/uname -p = unknown
/bin/uname -X     = unknown

/bin/arch              = unknown
/usr/bin/arch -k       = unknown
/usr/convex/getsysinfo = unknown
/usr/bin/hostinfo      = unknown
/bin/machine           = unknown
/usr/bin/oslevel       = unknown
/bin/universe          = unknown

PATH: /sbin
PATH: /bin
PATH: /usr/sbin
PATH: /usr/bin
PATH: /usr/games
PATH: /usr/local/sbin
PATH: /usr/local/bin
PATH: /usr/X11R6/bin
PATH: /home/each/bin
PATH: .


## ----------- ##
## Core tests. ##
## ----------- ##

configure:2554: checking build system type
configure:2568: result: x86_64-unknown-linux-gnu
configure:2588: checking host system type
configure:2601: result: x86_64-unknown-linux-gnu
configure:2621: checking target system type
configure:2634: result: x86_64-unknown-linux-gnu
configure:2677: checking for a BSD-compatible install
configure:2745: result: /usr/bin/install -c
configure:2756: checking whether build environment is sane
configure:2806: result: yes
configure:2947: checking for a thread-safe mkdir -p
configure:2986: result: /bin/mkdir -p
configure:2999: checking for gawk
configure:3015: found /usr/bin/gawk
configure:3026: result: gawk
configure:3037: checking whether make sets $(MAKE)
configure:3059: result: yes
configure:3177: checking for style of include used by make
configure:3205: result: GNU
configure:3275: checking for gcc
configure:3291: found /usr/bin/gcc
configure:3302: result: gcc
configure:3531: checking for C compiler version
configure:3540: gcc --version >&5
gcc (Ubuntu 4.4.3-4ubuntu5) 4.4.3
Copyright (C) 2009 Free Software Foundation, Inc.
This is free software; see the source for copying conditions.  There is NO
warranty; not even for MERCHANTABILITY or FITNESS FOR A PARTICULAR PURPOSE.

configure:3551: $? = 0
configure:3540: gcc -v >&5
Using built-in specs.
Target: x86_64-linux-gnu
Configured with: ../src/configure -v --with-pkgversion='Ubuntu 4.4.3-4ubuntu5' --with-bugurl=file:///usr/share/doc/gcc-4.4/README.Bugs --enable-languages=c,c++,fortran,objc,obj-c++ --prefix=/usr --enable-shared --enable-multiarch --enable-linker-build-id --with-system-zlib --libexecdir=/usr/lib --without-included-gettext --enable-threads=posix --with-gxx-include-dir=/usr/include/c++/4.4 --program-suffix=-4.4 --enable-nls --enable-clocale=gnu --enable-libstdcxx-debug --enable-plugin --enable-objc-gc --disable-werror --with-arch-32=i486 --with-tune=generic --enable-checking=release --build=x86_64-linux-gnu --host=x86_64-linux-gnu --target=x86_64-linux-gnu
Thread model: posix
gcc version 4.4.3 (Ubuntu 4.4.3-4ubuntu5) 
configure:3551: $? = 0
configure:3540: gcc -V >&5
gcc: '-V' option must have argument
configure:3551: $? = 1
configure:3540: gcc -qversion >&5
gcc: unrecognized option '-qversion'
gcc: no input files
configure:3551: $? = 1
configure:3571: checking whether the C compiler works
configure:3593: gcc    conftest.c  >&5
configure:3597: $? = 0
configure:3646: result: yes
configure:3649: checking for C compiler default output file name
configure:3651: result: a.out
configure:3657: checking for suffix of executables
configure:3664: gcc -o conftest    conftest.c  >&5
configure:3668: $? = 0
configure:3690: result: 
configure:3712: checking whether we are cross compiling
configure:3720: gcc -o conftest    conftest.c  >&5
configure:3724: $? = 0
configure:3731: ./conftest
configure:3735: $? = 0
configure:3750: result: no
configure:3755: checking for suffix of object files
configure:3777: gcc -c   conftest.c >&5
configure:3781: $? = 0
configure:3802: result: o
configure:3806: checking whether we are using the GNU C compiler
configure:3825: gcc -c   conftest.c >&5
configure:3825: $? = 0
configure:3834: result: yes
configure:3843: checking whether gcc accepts -g
configure:3863: gcc -c -g  conftest.c >&5
configure:3863: $? = 0
configure:3904: result: yes
configure:3921: checking for gcc option to accept ISO C89
configure:3985: gcc  -c -g -O2  conftest.c >&5
configure:3985: $? = 0
configure:3998: result: none needed
configure:4020: checking dependency style of gcc
configure:4130: result: gcc3
configure:4145: checking for a sed that does not truncate output
configure:4209: result: /bin/sed
configure:4227: checking for grep that handles long lines and -e
configure:4285: result: /bin/grep
configure:4290: checking for egrep
configure:4352: result: /bin/grep -E
configure:4357: checking for fgrep
configure:4419: result: /bin/grep -F
configure:4454: checking for ld used by gcc
configure:4521: result: /usr/bin/ld
configure:4528: checking if the linker (/usr/bin/ld) is GNU ld
configure:4543: result: yes
configure:4555: checking for BSD- or MS-compatible name lister (nm)
configure:4604: result: /usr/bin/nm -B
configure:4722: checking the name lister (/usr/bin/nm -B) interface
configure:4729: gcc -c -g -O2  conftest.c >&5
configure:4732: /usr/bin/nm -B "conftest.o"
configure:4735: output
0000000000000000 B some_variable
configure:4742: result: BSD nm
configure:4745: checking whether ln -s works
configure:4749: result: yes
configure:4757: checking the maximum length of command line arguments
configure:4877: result: 3458764513820540925
configure:4894: checking whether the shell understands some XSI constructs
configure:4904: result: yes
configure:4908: checking whether the shell understands "+="
configure:4914: result: yes
configure:4949: checking for /usr/bin/ld option to reload object files
configure:4956: result: -r
configure:5025: checking for objdump
configure:5041: found /usr/bin/objdump
configure:5052: result: objdump
configure:5084: checking how to recognize dependent libraries
configure:5280: result: pass_all
configure:5340: checking for ar
configure:5356: found /usr/bin/ar
configure:5367: result: ar
configure:5445: checking for strip
configure:5461: found /usr/bin/strip
configure:5472: result: strip
configure:5544: checking for ranlib
configure:5560: found /usr/bin/ranlib
configure:5571: result: ranlib
configure:5661: checking command to parse /usr/bin/nm -B output from gcc object
configure:5779: gcc -c -g -O2  conftest.c >&5
configure:5782: $? = 0
configure:5786: /usr/bin/nm -B conftest.o \| sed -n -e 's/^.*[	 ]\([ABCDGIRSTW][ABCDGIRSTW]*\)[	 ][	 ]*\([_A-Za-z][_A-Za-z0-9]*\)$/\1 \2 \2/p' \> conftest.nm
configure:5789: $? = 0
configure:5843: gcc -o conftest -g -O2   conftest.c conftstm.o >&5
configure:5846: $? = 0
configure:5884: result: ok
configure:5980: gcc -c -g -O2  conftest.c >&5
configure:5983: $? = 0
configure:6693: checking how to run the C preprocessor
configure:6724: gcc -E  conftest.c
configure:6724: $? = 0
configure:6738: gcc -E  conftest.c
conftest.c:12:28: error: ac_nonexistent.h: No such file or directory
configure:6738: $? = 1
configure: failed program was:
| /* confdefs.h */
| #define PACKAGE_NAME "Automated Testing Framework"
| #define PACKAGE_TARNAME "atf"
| #define PACKAGE_VERSION "0.12"
| #define PACKAGE_STRING "Automated Testing Framework 0.12"
| #define PACKAGE_BUGREPORT "atf-devel@NetBSD.org"
| #define PACKAGE_URL "http://www.NetBSD.org/~jmmv/atf/"
| #define PACKAGE_COPYRIGHT "Copyright (c) 2007, 2008, 2009, 2010 The NetBSD Foundation, Inc."
| #define PACKAGE "atf"
| #define VERSION "0.12"
| /* end confdefs.h.  */
| #include <ac_nonexistent.h>
configure:6763: result: gcc -E
configure:6783: gcc -E  conftest.c
configure:6783: $? = 0
configure:6797: gcc -E  conftest.c
conftest.c:12:28: error: ac_nonexistent.h: No such file or directory
configure:6797: $? = 1
configure: failed program was:
| /* confdefs.h */
| #define PACKAGE_NAME "Automated Testing Framework"
| #define PACKAGE_TARNAME "atf"
| #define PACKAGE_VERSION "0.12"
| #define PACKAGE_STRING "Automated Testing Framework 0.12"
| #define PACKAGE_BUGREPORT "atf-devel@NetBSD.org"
| #define PACKAGE_URL "http://www.NetBSD.org/~jmmv/atf/"
| #define PACKAGE_COPYRIGHT "Copyright (c) 2007, 2008, 2009, 2010 The NetBSD Foundation, Inc."
| #define PACKAGE "atf"
| #define VERSION "0.12"
| /* end confdefs.h.  */
| #include <ac_nonexistent.h>
configure:6826: checking for ANSI C header files
configure:6846: gcc -c -g -O2  conftest.c >&5
configure:6846: $? = 0
configure:6919: gcc -o conftest -g -O2   conftest.c  >&5
configure:6919: $? = 0
configure:6919: ./conftest
configure:6919: $? = 0
configure:6930: result: yes
configure:6943: checking for sys/types.h
configure:6943: gcc -c -g -O2  conftest.c >&5
configure:6943: $? = 0
configure:6943: result: yes
configure:6943: checking for sys/stat.h
configure:6943: gcc -c -g -O2  conftest.c >&5
configure:6943: $? = 0
configure:6943: result: yes
configure:6943: checking for stdlib.h
configure:6943: gcc -c -g -O2  conftest.c >&5
configure:6943: $? = 0
configure:6943: result: yes
configure:6943: checking for string.h
configure:6943: gcc -c -g -O2  conftest.c >&5
configure:6943: $? = 0
configure:6943: result: yes
configure:6943: checking for memory.h
configure:6943: gcc -c -g -O2  conftest.c >&5
configure:6943: $? = 0
configure:6943: result: yes
configure:6943: checking for strings.h
configure:6943: gcc -c -g -O2  conftest.c >&5
configure:6943: $? = 0
configure:6943: result: yes
configure:6943: checking for inttypes.h
configure:6943: gcc -c -g -O2  conftest.c >&5
configure:6943: $? = 0
configure:6943: result: yes
configure:6943: checking for stdint.h
configure:6943: gcc -c -g -O2  conftest.c >&5
configure:6943: $? = 0
configure:6943: result: yes
configure:6943: checking for unistd.h
configure:6943: gcc -c -g -O2  conftest.c >&5
configure:6943: $? = 0
configure:6943: result: yes
configure:6958: checking for dlfcn.h
configure:6958: gcc -c -g -O2  conftest.c >&5
configure:6958: $? = 0
configure:6958: result: yes
configure:7141: checking for objdir
configure:7156: result: .libs
configure:7452: checking if gcc supports -fno-rtti -fno-exceptions
configure:7470: gcc -c -g -O2  -fno-rtti -fno-exceptions conftest.c >&5
cc1: warning: command line option "-fno-rtti" is valid for C++/ObjC++ but not for C
configure:7474: $? = 0
configure:7487: result: no
configure:7507: checking for gcc option to produce PIC
configure:7779: result: -fPIC -DPIC
configure:7791: checking if gcc PIC flag -fPIC -DPIC works
configure:7809: gcc -c -g -O2  -fPIC -DPIC -DPIC conftest.c >&5
configure:7813: $? = 0
configure:7826: result: yes
configure:7850: checking if gcc static flag -static works
configure:7878: result: yes
configure:7893: checking if gcc supports -c -o file.o
configure:7914: gcc -c -g -O2  -o out/conftest2.o conftest.c >&5
configure:7918: $? = 0
configure:7940: result: yes
configure:7948: checking if gcc supports -c -o file.o
configure:7995: result: yes
configure:8028: checking whether the gcc linker (/usr/bin/ld -m elf_x86_64) supports shared libraries
configure:9014: result: yes
configure:9253: checking dynamic linker characteristics
configure:9686: gcc -o conftest -g -O2   -Wl,-rpath -Wl,/foo conftest.c  >&5
configure:9686: $? = 0
configure:9904: result: GNU/Linux ld.so
configure:10006: checking how to hardcode library paths into programs
configure:10031: result: immediate
configure:10551: checking whether stripping libraries is possible
configure:10556: result: yes
configure:10591: checking if libtool supports shared libraries
configure:10593: result: yes
configure:10596: checking whether to build shared libraries
configure:10617: result: no
configure:10620: checking whether to build static libraries
configure:10624: result: yes
configure:10725: checking for gcc
configure:10752: result: gcc
configure:10981: checking for C compiler version
configure:10990: gcc --version >&5
gcc (Ubuntu 4.4.3-4ubuntu5) 4.4.3
Copyright (C) 2009 Free Software Foundation, Inc.
This is free software; see the source for copying conditions.  There is NO
warranty; not even for MERCHANTABILITY or FITNESS FOR A PARTICULAR PURPOSE.

configure:11001: $? = 0
configure:10990: gcc -v >&5
Using built-in specs.
Target: x86_64-linux-gnu
Configured with: ../src/configure -v --with-pkgversion='Ubuntu 4.4.3-4ubuntu5' --with-bugurl=file:///usr/share/doc/gcc-4.4/README.Bugs --enable-languages=c,c++,fortran,objc,obj-c++ --prefix=/usr --enable-shared --enable-multiarch --enable-linker-build-id --with-system-zlib --libexecdir=/usr/lib --without-included-gettext --enable-threads=posix --with-gxx-include-dir=/usr/include/c++/4.4 --program-suffix=-4.4 --enable-nls --enable-clocale=gnu --enable-libstdcxx-debug --enable-plugin --enable-objc-gc --disable-werror --with-arch-32=i486 --with-tune=generic --enable-checking=release --build=x86_64-linux-gnu --host=x86_64-linux-gnu --target=x86_64-linux-gnu
Thread model: posix
gcc version 4.4.3 (Ubuntu 4.4.3-4ubuntu5) 
configure:11001: $? = 0
configure:10990: gcc -V >&5
gcc: '-V' option must have argument
configure:11001: $? = 1
configure:10990: gcc -qversion >&5
gcc: unrecognized option '-qversion'
gcc: no input files
configure:11001: $? = 1
configure:11005: checking whether we are using the GNU C compiler
configure:11033: result: yes
configure:11042: checking whether gcc accepts -g
configure:11103: result: yes
configure:11120: checking for gcc option to accept ISO C89
configure:11197: result: none needed
configure:11219: checking dependency style of gcc
configure:11329: result: gcc3
configure:11345: checking whether gcc and cc understand -c and -o together
configure:11376: gcc -c conftest.c -o conftest2.o >&5
configure:11380: $? = 0
configure:11386: gcc -c conftest.c -o conftest2.o >&5
configure:11390: $? = 0
configure:11401: cc -c conftest.c >&5
configure:11405: $? = 0
configure:11413: cc -c conftest.c -o conftest2.o >&5
configure:11417: $? = 0
configure:11423: cc -c conftest.c -o conftest2.o >&5
configure:11427: $? = 0
configure:11445: result: yes
configure:11535: checking for g++
configure:11551: found /usr/bin/g++
configure:11562: result: g++
configure:11589: checking for C++ compiler version
configure:11598: g++ --version >&5
g++ (Ubuntu 4.4.3-4ubuntu5) 4.4.3
Copyright (C) 2009 Free Software Foundation, Inc.
This is free software; see the source for copying conditions.  There is NO
warranty; not even for MERCHANTABILITY or FITNESS FOR A PARTICULAR PURPOSE.

configure:11609: $? = 0
configure:11598: g++ -v >&5
Using built-in specs.
Target: x86_64-linux-gnu
Configured with: ../src/configure -v --with-pkgversion='Ubuntu 4.4.3-4ubuntu5' --with-bugurl=file:///usr/share/doc/gcc-4.4/README.Bugs --enable-languages=c,c++,fortran,objc,obj-c++ --prefix=/usr --enable-shared --enable-multiarch --enable-linker-build-id --with-system-zlib --libexecdir=/usr/lib --without-included-gettext --enable-threads=posix --with-gxx-include-dir=/usr/include/c++/4.4 --program-suffix=-4.4 --enable-nls --enable-clocale=gnu --enable-libstdcxx-debug --enable-plugin --enable-objc-gc --disable-werror --with-arch-32=i486 --with-tune=generic --enable-checking=release --build=x86_64-linux-gnu --host=x86_64-linux-gnu --target=x86_64-linux-gnu
Thread model: posix
gcc version 4.4.3 (Ubuntu 4.4.3-4ubuntu5) 
configure:11609: $? = 0
configure:11598: g++ -V >&5
g++: '-V' option must have argument
configure:11609: $? = 1
configure:11598: g++ -qversion >&5
g++: unrecognized option '-qversion'
g++: no input files
configure:11609: $? = 1
configure:11613: checking whether we are using the GNU C++ compiler
configure:11632: g++ -c   conftest.cpp >&5
configure:11632: $? = 0
configure:11641: result: yes
configure:11650: checking whether g++ accepts -g
configure:11670: g++ -c -g  conftest.cpp >&5
configure:11670: $? = 0
configure:11711: result: yes
configure:11736: checking dependency style of g++
configure:11846: result: gcc3
configure:11974: checking for C++ compiler version
configure:11983: g++ --version >&5
g++ (Ubuntu 4.4.3-4ubuntu5) 4.4.3
Copyright (C) 2009 Free Software Foundation, Inc.
This is free software; see the source for copying conditions.  There is NO
warranty; not even for MERCHANTABILITY or FITNESS FOR A PARTICULAR PURPOSE.

configure:11994: $? = 0
configure:11983: g++ -v >&5
Using built-in specs.
Target: x86_64-linux-gnu
Configured with: ../src/configure -v --with-pkgversion='Ubuntu 4.4.3-4ubuntu5' --with-bugurl=file:///usr/share/doc/gcc-4.4/README.Bugs --enable-languages=c,c++,fortran,objc,obj-c++ --prefix=/usr --enable-shared --enable-multiarch --enable-linker-build-id --with-system-zlib --libexecdir=/usr/lib --without-included-gettext --enable-threads=posix --with-gxx-include-dir=/usr/include/c++/4.4 --program-suffix=-4.4 --enable-nls --enable-clocale=gnu --enable-libstdcxx-debug --enable-plugin --enable-objc-gc --disable-werror --with-arch-32=i486 --with-tune=generic --enable-checking=release --build=x86_64-linux-gnu --host=x86_64-linux-gnu --target=x86_64-linux-gnu
Thread model: posix
gcc version 4.4.3 (Ubuntu 4.4.3-4ubuntu5) 
configure:11994: $? = 0
configure:11983: g++ -V >&5
g++: '-V' option must have argument
configure:11994: $? = 1
configure:11983: g++ -qversion >&5
g++: unrecognized option '-qversion'
g++: no input files
configure:11994: $? = 1
configure:11998: checking whether we are using the GNU C++ compiler
configure:12026: result: yes
configure:12035: checking whether g++ accepts -g
configure:12096: result: yes
configure:12121: checking dependency style of g++
configure:12231: result: gcc3
configure:12254: checking how to run the C++ preprocessor
configure:12281: g++ -E  conftest.cpp
configure:12281: $? = 0
configure:12295: g++ -E  conftest.cpp
conftest.cpp:24:28: error: ac_nonexistent.h: No such file or directory
configure:12295: $? = 1
configure: failed program was:
| /* confdefs.h */
| #define PACKAGE_NAME "Automated Testing Framework"
| #define PACKAGE_TARNAME "atf"
| #define PACKAGE_VERSION "0.12"
| #define PACKAGE_STRING "Automated Testing Framework 0.12"
| #define PACKAGE_BUGREPORT "atf-devel@NetBSD.org"
| #define PACKAGE_URL "http://www.NetBSD.org/~jmmv/atf/"
| #define PACKAGE_COPYRIGHT "Copyright (c) 2007, 2008, 2009, 2010 The NetBSD Foundation, Inc."
| #define PACKAGE "atf"
| #define VERSION "0.12"
| #define STDC_HEADERS 1
| #define HAVE_SYS_TYPES_H 1
| #define HAVE_SYS_STAT_H 1
| #define HAVE_STDLIB_H 1
| #define HAVE_STRING_H 1
| #define HAVE_MEMORY_H 1
| #define HAVE_STRINGS_H 1
| #define HAVE_INTTYPES_H 1
| #define HAVE_STDINT_H 1
| #define HAVE_UNISTD_H 1
| #define HAVE_DLFCN_H 1
| #define LT_OBJDIR ".libs/"
| /* end confdefs.h.  */
| #include <ac_nonexistent.h>
configure:12320: result: g++ -E
configure:12340: g++ -E  conftest.cpp
configure:12340: $? = 0
configure:12354: g++ -E  conftest.cpp
conftest.cpp:24:28: error: ac_nonexistent.h: No such file or directory
configure:12354: $? = 1
configure: failed program was:
| /* confdefs.h */
| #define PACKAGE_NAME "Automated Testing Framework"
| #define PACKAGE_TARNAME "atf"
| #define PACKAGE_VERSION "0.12"
| #define PACKAGE_STRING "Automated Testing Framework 0.12"
| #define PACKAGE_BUGREPORT "atf-devel@NetBSD.org"
| #define PACKAGE_URL "http://www.NetBSD.org/~jmmv/atf/"
| #define PACKAGE_COPYRIGHT "Copyright (c) 2007, 2008, 2009, 2010 The NetBSD Foundation, Inc."
| #define PACKAGE "atf"
| #define VERSION "0.12"
| #define STDC_HEADERS 1
| #define HAVE_SYS_TYPES_H 1
| #define HAVE_SYS_STAT_H 1
| #define HAVE_STDLIB_H 1
| #define HAVE_STRING_H 1
| #define HAVE_MEMORY_H 1
| #define HAVE_STRINGS_H 1
| #define HAVE_INTTYPES_H 1
| #define HAVE_STDINT_H 1
| #define HAVE_UNISTD_H 1
| #define HAVE_DLFCN_H 1
| #define LT_OBJDIR ".libs/"
| /* end confdefs.h.  */
| #include <ac_nonexistent.h>
configure:12522: checking for ld used by g++
configure:12589: result: /usr/bin/ld -m elf_x86_64
configure:12596: checking if the linker (/usr/bin/ld -m elf_x86_64) is GNU ld
configure:12611: result: yes
configure:12666: checking whether the g++ linker (/usr/bin/ld -m elf_x86_64) supports shared libraries
configure:13579: result: yes
configure:13607: g++ -c -g -O2  conftest.cpp >&5
configure:13610: $? = 0
configure:13792: checking for g++ option to produce PIC
configure:14109: result: -fPIC -DPIC
configure:14118: checking if g++ PIC flag -fPIC -DPIC works
configure:14136: g++ -c -g -O2  -fPIC -DPIC -DPIC conftest.cpp >&5
configure:14140: $? = 0
configure:14153: result: yes
configure:14174: checking if g++ static flag -static works
configure:14202: result: yes
configure:14214: checking if g++ supports -c -o file.o
configure:14235: g++ -c -g -O2  -o out/conftest2.o conftest.cpp >&5
configure:14239: $? = 0
configure:14261: result: yes
configure:14266: checking if g++ supports -c -o file.o
configure:14313: result: yes
configure:14343: checking whether the g++ linker (/usr/bin/ld -m elf_x86_64) supports shared libraries
configure:14369: result: yes
configure:14506: checking dynamic linker characteristics
configure:14887: g++ -o conftest -g -O2   -Wl,-rpath -Wl,/foo conftest.cpp  >&5
configure:14887: $? = 0
configure:15105: result: GNU/Linux ld.so
configure:15156: checking how to hardcode library paths into programs
configure:15181: result: immediate
configure:15220: checking whether the C++ compiler works
configure:15242: g++ -o conftest -g -O2   conftest.cpp  >&5
configure:15242: $? = 0
configure:15256: result: yes
configure:15339: checking whether gcc supports -Werror
configure:15355: gcc -o conftest -g -O2 -Werror   conftest.c  >&5
configure:15355: $? = 0
configure:15356: result: yes
configure:15392: checking whether g++ supports -Werror
configure:15408: g++ -o conftest -g -O2 -Werror   conftest.cpp  >&5
configure:15408: $? = 0
configure:15409: result: yes
configure:15447: checking whether gcc supports -g
configure:15463: gcc -o conftest -g -O2  -Werror -g   conftest.c  >&5
configure:15463: $? = 0
configure:15464: result: yes
configure:15447: checking whether gcc supports -Wall
configure:15463: gcc -o conftest -g -O2  -Werror -Wall   conftest.c  >&5
configure:15463: $? = 0
configure:15464: result: yes
configure:15447: checking whether gcc supports -Wcast-qual
configure:15463: gcc -o conftest -g -O2  -Werror -Wcast-qual   conftest.c  >&5
configure:15463: $? = 0
configure:15464: result: yes
configure:15447: checking whether gcc supports -Wextra
configure:15463: gcc -o conftest -g -O2  -Werror -Wextra   conftest.c  >&5
configure:15463: $? = 0
configure:15464: result: yes
configure:15447: checking whether gcc supports -Wno-unused-parameter
configure:15463: gcc -o conftest -g -O2  -Werror -Wno-unused-parameter   conftest.c  >&5
configure:15463: $? = 0
configure:15464: result: yes
configure:15447: checking whether gcc supports -Wpointer-arith
configure:15463: gcc -o conftest -g -O2  -Werror -Wpointer-arith   conftest.c  >&5
configure:15463: $? = 0
configure:15464: result: yes
configure:15447: checking whether gcc supports -Wredundant-decls
configure:15463: gcc -o conftest -g -O2  -Werror -Wredundant-decls   conftest.c  >&5
configure:15463: $? = 0
configure:15464: result: yes
configure:15447: checking whether gcc supports -Wreturn-type
configure:15463: gcc -o conftest -g -O2  -Werror -Wreturn-type   conftest.c  >&5
configure:15463: $? = 0
configure:15464: result: yes
configure:15447: checking whether gcc supports -Wshadow
configure:15463: gcc -o conftest -g -O2  -Werror -Wshadow   conftest.c  >&5
configure:15463: $? = 0
configure:15464: result: yes
configure:15447: checking whether gcc supports -Wsign-compare
configure:15463: gcc -o conftest -g -O2  -Werror -Wsign-compare   conftest.c  >&5
configure:15463: $? = 0
configure:15464: result: yes
configure:15447: checking whether gcc supports -Wswitch
configure:15463: gcc -o conftest -g -O2  -Werror -Wswitch   conftest.c  >&5
configure:15463: $? = 0
configure:15464: result: yes
configure:15447: checking whether gcc supports -Wwrite-strings
configure:15463: gcc -o conftest -g -O2  -Werror -Wwrite-strings   conftest.c  >&5
configure:15463: $? = 0
configure:15464: result: yes
configure:15447: checking whether gcc supports -D_FORTIFY_SOURCE=2
configure:15463: gcc -o conftest -g -O2  -Werror -D_FORTIFY_SOURCE=2   conftest.c  >&5
configure:15463: $? = 0
configure:15464: result: yes
configure:15447: checking whether gcc supports -Wmissing-prototypes
configure:15463: gcc -o conftest -g -O2  -Werror -Wmissing-prototypes   conftest.c  >&5
configure:15463: $? = 0
configure:15464: result: yes
configure:15447: checking whether gcc supports -Wno-traditional
configure:15463: gcc -o conftest -g -O2  -Werror -Wno-traditional   conftest.c  >&5
configure:15463: $? = 0
configure:15464: result: yes
configure:15447: checking whether gcc supports -Wstrict-prototypes
configure:15463: gcc -o conftest -g -O2  -Werror -Wstrict-prototypes   conftest.c  >&5
cc1: warnings being treated as errors
conftest.c:27: error: function declaration isn't a prototype
configure:15463: $? = 1
configure: failed program was:
| /* confdefs.h */
| #define PACKAGE_NAME "Automated Testing Framework"
| #define PACKAGE_TARNAME "atf"
| #define PACKAGE_VERSION "0.12"
| #define PACKAGE_STRING "Automated Testing Framework 0.12"
| #define PACKAGE_BUGREPORT "atf-devel@NetBSD.org"
| #define PACKAGE_URL "http://www.NetBSD.org/~jmmv/atf/"
| #define PACKAGE_COPYRIGHT "Copyright (c) 2007, 2008, 2009, 2010 The NetBSD Foundation, Inc."
| #define PACKAGE "atf"
| #define VERSION "0.12"
| #define STDC_HEADERS 1
| #define HAVE_SYS_TYPES_H 1
| #define HAVE_SYS_STAT_H 1
| #define HAVE_STDLIB_H 1
| #define HAVE_STRING_H 1
| #define HAVE_MEMORY_H 1
| #define HAVE_STRINGS_H 1
| #define HAVE_INTTYPES_H 1
| #define HAVE_STDINT_H 1
| #define HAVE_UNISTD_H 1
| #define HAVE_DLFCN_H 1
| #define LT_OBJDIR ".libs/"
| /* end confdefs.h.  */
| 
| int
| main ()
| {
| return 0;
|   ;
|   return 0;
| }
configure:15468: result: no
configure:15500: checking whether g++ supports -g
configure:15516: g++ -o conftest -g -O2  -Werror -g   conftest.cpp  >&5
configure:15516: $? = 0
configure:15517: result: yes
configure:15500: checking whether g++ supports -Wall
configure:15516: g++ -o conftest -g -O2  -Werror -Wall   conftest.cpp  >&5
configure:15516: $? = 0
configure:15517: result: yes
configure:15500: checking whether g++ supports -Wcast-qual
configure:15516: g++ -o conftest -g -O2  -Werror -Wcast-qual   conftest.cpp  >&5
configure:15516: $? = 0
configure:15517: result: yes
configure:15500: checking whether g++ supports -Wextra
configure:15516: g++ -o conftest -g -O2  -Werror -Wextra   conftest.cpp  >&5
configure:15516: $? = 0
configure:15517: result: yes
configure:15500: checking whether g++ supports -Wno-unused-parameter
configure:15516: g++ -o conftest -g -O2  -Werror -Wno-unused-parameter   conftest.cpp  >&5
configure:15516: $? = 0
configure:15517: result: yes
configure:15500: checking whether g++ supports -Wpointer-arith
configure:15516: g++ -o conftest -g -O2  -Werror -Wpointer-arith   conftest.cpp  >&5
configure:15516: $? = 0
configure:15517: result: yes
configure:15500: checking whether g++ supports -Wredundant-decls
configure:15516: g++ -o conftest -g -O2  -Werror -Wredundant-decls   conftest.cpp  >&5
configure:15516: $? = 0
configure:15517: result: yes
configure:15500: checking whether g++ supports -Wreturn-type
configure:15516: g++ -o conftest -g -O2  -Werror -Wreturn-type   conftest.cpp  >&5
configure:15516: $? = 0
configure:15517: result: yes
configure:15500: checking whether g++ supports -Wshadow
configure:15516: g++ -o conftest -g -O2  -Werror -Wshadow   conftest.cpp  >&5
configure:15516: $? = 0
configure:15517: result: yes
configure:15500: checking whether g++ supports -Wsign-compare
configure:15516: g++ -o conftest -g -O2  -Werror -Wsign-compare   conftest.cpp  >&5
configure:15516: $? = 0
configure:15517: result: yes
configure:15500: checking whether g++ supports -Wswitch
configure:15516: g++ -o conftest -g -O2  -Werror -Wswitch   conftest.cpp  >&5
configure:15516: $? = 0
configure:15517: result: yes
configure:15500: checking whether g++ supports -Wwrite-strings
configure:15516: g++ -o conftest -g -O2  -Werror -Wwrite-strings   conftest.cpp  >&5
configure:15516: $? = 0
configure:15517: result: yes
configure:15500: checking whether g++ supports -D_FORTIFY_SOURCE=2
configure:15516: g++ -o conftest -g -O2  -Werror -D_FORTIFY_SOURCE=2   conftest.cpp  >&5
configure:15516: $? = 0
configure:15517: result: yes
configure:15500: checking whether g++ supports -Wabi
configure:15516: g++ -o conftest -g -O2  -Werror -Wabi   conftest.cpp  >&5
configure:15516: $? = 0
configure:15517: result: yes
configure:15500: checking whether g++ supports -Wctor-dtor-privacy
configure:15516: g++ -o conftest -g -O2  -Werror -Wctor-dtor-privacy   conftest.cpp  >&5
configure:15516: $? = 0
configure:15517: result: yes
configure:15500: checking whether g++ supports -Wno-deprecated
configure:15516: g++ -o conftest -g -O2  -Werror -Wno-deprecated   conftest.cpp  >&5
configure:15516: $? = 0
configure:15517: result: yes
configure:15500: checking whether g++ supports -Wno-non-template-friend
configure:15516: g++ -o conftest -g -O2  -Werror -Wno-non-template-friend   conftest.cpp  >&5
configure:15516: $? = 0
configure:15517: result: yes
configure:15500: checking whether g++ supports -Wno-pmf-conversions
configure:15516: g++ -o conftest -g -O2  -Werror -Wno-pmf-conversions   conftest.cpp  >&5
configure:15516: $? = 0
configure:15517: result: yes
configure:15500: checking whether g++ supports -Wnon-virtual-dtor
configure:15516: g++ -o conftest -g -O2  -Werror -Wnon-virtual-dtor   conftest.cpp  >&5
configure:15516: $? = 0
configure:15517: result: yes
configure:15500: checking whether g++ supports -Woverloaded-virtual
configure:15516: g++ -o conftest -g -O2  -Werror -Woverloaded-virtual   conftest.cpp  >&5
configure:15516: $? = 0
configure:15517: result: yes
configure:15500: checking whether g++ supports -Wreorder
configure:15516: g++ -o conftest -g -O2  -Werror -Wreorder   conftest.cpp  >&5
configure:15516: $? = 0
configure:15517: result: yes
configure:15500: checking whether g++ supports -Wsign-promo
configure:15516: g++ -o conftest -g -O2  -Werror -Wsign-promo   conftest.cpp  >&5
configure:15516: $? = 0
configure:15517: result: yes
configure:15500: checking whether g++ supports -Wsynth
configure:15516: g++ -o conftest -g -O2  -Werror -Wsynth   conftest.cpp  >&5
configure:15516: $? = 0
configure:15517: result: yes
configure:15548: checking whether vsnprintf is in std
configure:15566: g++ -c -g -O2  -Werror  -g -Wall -Wcast-qual -Wextra -Wno-unused-parameter -Wpointer-arith -Wredundant-decls -Wreturn-type -Wshadow -Wsign-compare -Wswitch -Wwrite-strings -D_FORTIFY_SOURCE=2 -Wabi -Wctor-dtor-privacy -Wno-deprecated -Wno-non-template-friend -Wno-pmf-conversions -Wnon-virtual-dtor -Woverloaded-virtual -Wreorder -Wsign-promo -Wsynth  conftest.cpp >&5
configure:15566: $? = 0
configure:15567: result: yes
configure:15587: checking whether getopt allows a + sign for POSIX behavior
configure:15637: gcc -o conftest -g -O2  -Werror  -g -Wall -Wcast-qual -Wextra -Wno-unused-parameter -Wpointer-arith -Wredundant-decls -Wreturn-type -Wshadow -Wsign-compare -Wswitch -Wwrite-strings -D_FORTIFY_SOURCE=2 -Wmissing-prototypes -Wno-traditional   conftest.c  >&5
configure:15637: $? = 0
configure:15637: ./conftest
conftest: invalid option -- '+'
configure:15637: $? = 0
configure:15649: result: yes
configure:15664: checking whether getopt has optreset
configure:15681: gcc -c -g -O2  -Werror  -g -Wall -Wcast-qual -Wextra -Wno-unused-parameter -Wpointer-arith -Wredundant-decls -Wreturn-type -Wshadow -Wsign-compare -Wswitch -Wwrite-strings -D_FORTIFY_SOURCE=2 -Wmissing-prototypes -Wno-traditional  conftest.c >&5
conftest.c: In function 'main':
conftest.c:32: error: 'optreset' undeclared (first use in this function)
conftest.c:32: error: (Each undeclared identifier is reported only once
conftest.c:32: error: for each function it appears in.)
configure:15681: $? = 1
configure: failed program was:
| /* confdefs.h */
| #define PACKAGE_NAME "Automated Testing Framework"
| #define PACKAGE_TARNAME "atf"
| #define PACKAGE_VERSION "0.12"
| #define PACKAGE_STRING "Automated Testing Framework 0.12"
| #define PACKAGE_BUGREPORT "atf-devel@NetBSD.org"
| #define PACKAGE_URL "http://www.NetBSD.org/~jmmv/atf/"
| #define PACKAGE_COPYRIGHT "Copyright (c) 2007, 2008, 2009, 2010 The NetBSD Foundation, Inc."
| #define PACKAGE "atf"
| #define VERSION "0.12"
| #define STDC_HEADERS 1
| #define HAVE_SYS_TYPES_H 1
| #define HAVE_SYS_STAT_H 1
| #define HAVE_STDLIB_H 1
| #define HAVE_STRING_H 1
| #define HAVE_MEMORY_H 1
| #define HAVE_STRINGS_H 1
| #define HAVE_INTTYPES_H 1
| #define HAVE_STDINT_H 1
| #define HAVE_UNISTD_H 1
| #define HAVE_DLFCN_H 1
| #define LT_OBJDIR ".libs/"
| #define HAVE_VSNPRINTF_IN_STD 1
| #define HAVE_GNU_GETOPT 1
| /* end confdefs.h.  */
| #include <stdlib.h>
| #include <unistd.h>
| int
| main ()
| {
| 
|     optreset = 1;
|     return EXIT_SUCCESS;
| 
|   ;
|   return 0;
| }
configure:15692: result: no
configure:15702: checking whether __attribute__((noreturn)) is supported
configure:15727: g++ -o conftest -g -O2  -Werror  -g -Wall -Wcast-qual -Wextra -Wno-unused-parameter -Wpointer-arith -Wredundant-decls -Wreturn-type -Wshadow -Wsign-compare -Wswitch -Wwrite-strings -D_FORTIFY_SOURCE=2 -Wabi -Wctor-dtor-privacy -Wno-deprecated -Wno-non-template-friend -Wno-pmf-conversions -Wnon-virtual-dtor -Woverloaded-virtual -Wreorder -Wsign-promo -Wsynth   conftest.cpp  >&5
configure:15727: $? = 0
configure:15727: ./conftest
configure:15727: $? = 0
configure:15728: result: yes
configure:15748: checking for putenv
configure:15748: g++ -o conftest -g -O2  -Werror  -g -Wall -Wcast-qual -Wextra -Wno-unused-parameter -Wpointer-arith -Wredundant-decls -Wreturn-type -Wshadow -Wsign-compare -Wswitch -Wwrite-strings -D_FORTIFY_SOURCE=2 -Wabi -Wctor-dtor-privacy -Wno-deprecated -Wno-non-template-friend -Wno-pmf-conversions -Wnon-virtual-dtor -Woverloaded-virtual -Wreorder -Wsign-promo -Wsynth   conftest.cpp  >&5
configure:15748: $? = 0
configure:15748: result: yes
configure:15748: checking for setenv
configure:15748: g++ -o conftest -g -O2  -Werror  -g -Wall -Wcast-qual -Wextra -Wno-unused-parameter -Wpointer-arith -Wredundant-decls -Wreturn-type -Wshadow -Wsign-compare -Wswitch -Wwrite-strings -D_FORTIFY_SOURCE=2 -Wabi -Wctor-dtor-privacy -Wno-deprecated -Wno-non-template-friend -Wno-pmf-conversions -Wnon-virtual-dtor -Woverloaded-virtual -Wreorder -Wsign-promo -Wsynth   conftest.cpp  >&5
configure:15748: $? = 0
configure:15748: result: yes
configure:15748: checking for unsetenv
configure:15748: g++ -o conftest -g -O2  -Werror  -g -Wall -Wcast-qual -Wextra -Wno-unused-parameter -Wpointer-arith -Wredundant-decls -Wreturn-type -Wshadow -Wsign-compare -Wswitch -Wwrite-strings -D_FORTIFY_SOURCE=2 -Wabi -Wctor-dtor-privacy -Wno-deprecated -Wno-non-template-friend -Wno-pmf-conversions -Wnon-virtual-dtor -Woverloaded-virtual -Wreorder -Wsign-promo -Wsynth   conftest.cpp  >&5
configure:15748: $? = 0
configure:15748: result: yes
configure:15761: checking whether putenv is in std
configure:15775: g++ -c -g -O2  -Werror  -g -Wall -Wcast-qual -Wextra -Wno-unused-parameter -Wpointer-arith -Wredundant-decls -Wreturn-type -Wshadow -Wsign-compare -Wswitch -Wwrite-strings -D_FORTIFY_SOURCE=2 -Wabi -Wctor-dtor-privacy -Wno-deprecated -Wno-non-template-friend -Wno-pmf-conversions -Wnon-virtual-dtor -Woverloaded-virtual -Wreorder -Wsign-promo -Wsynth  conftest.cpp >&5
conftest.cpp: In function 'int main()':
conftest.cpp:33: error: 'putenv' is not a member of 'std'
configure:15775: $? = 1
configure: failed program was:
| /* confdefs.h */
| #define PACKAGE_NAME "Automated Testing Framework"
| #define PACKAGE_TARNAME "atf"
| #define PACKAGE_VERSION "0.12"
| #define PACKAGE_STRING "Automated Testing Framework 0.12"
| #define PACKAGE_BUGREPORT "atf-devel@NetBSD.org"
| #define PACKAGE_URL "http://www.NetBSD.org/~jmmv/atf/"
| #define PACKAGE_COPYRIGHT "Copyright (c) 2007, 2008, 2009, 2010 The NetBSD Foundation, Inc."
| #define PACKAGE "atf"
| #define VERSION "0.12"
| #define STDC_HEADERS 1
| #define HAVE_SYS_TYPES_H 1
| #define HAVE_SYS_STAT_H 1
| #define HAVE_STDLIB_H 1
| #define HAVE_STRING_H 1
| #define HAVE_MEMORY_H 1
| #define HAVE_STRINGS_H 1
| #define HAVE_INTTYPES_H 1
| #define HAVE_STDINT_H 1
| #define HAVE_UNISTD_H 1
| #define HAVE_DLFCN_H 1
| #define LT_OBJDIR ".libs/"
| #define HAVE_VSNPRINTF_IN_STD 1
| #define HAVE_GNU_GETOPT 1
| #define HAVE_PUTENV 1
| #define HAVE_SETENV 1
| #define HAVE_UNSETENV 1
| /* end confdefs.h.  */
| #include <cstdio>
| int
| main ()
| {
| std::putenv("a=b");
|                      return 0;
|   ;
|   return 0;
| }
configure:15782: result: no
configure:15791: checking whether setenv is in std
configure:15805: g++ -c -g -O2  -Werror  -g -Wall -Wcast-qual -Wextra -Wno-unused-parameter -Wpointer-arith -Wredundant-decls -Wreturn-type -Wshadow -Wsign-compare -Wswitch -Wwrite-strings -D_FORTIFY_SOURCE=2 -Wabi -Wctor-dtor-privacy -Wno-deprecated -Wno-non-template-friend -Wno-pmf-conversions -Wnon-virtual-dtor -Woverloaded-virtual -Wreorder -Wsign-promo -Wsynth  conftest.cpp >&5
conftest.cpp: In function 'int main()':
conftest.cpp:33: error: 'setenv' is not a member of 'std'
configure:15805: $? = 1
configure: failed program was:
| /* confdefs.h */
| #define PACKAGE_NAME "Automated Testing Framework"
| #define PACKAGE_TARNAME "atf"
| #define PACKAGE_VERSION "0.12"
| #define PACKAGE_STRING "Automated Testing Framework 0.12"
| #define PACKAGE_BUGREPORT "atf-devel@NetBSD.org"
| #define PACKAGE_URL "http://www.NetBSD.org/~jmmv/atf/"
| #define PACKAGE_COPYRIGHT "Copyright (c) 2007, 2008, 2009, 2010 The NetBSD Foundation, Inc."
| #define PACKAGE "atf"
| #define VERSION "0.12"
| #define STDC_HEADERS 1
| #define HAVE_SYS_TYPES_H 1
| #define HAVE_SYS_STAT_H 1
| #define HAVE_STDLIB_H 1
| #define HAVE_STRING_H 1
| #define HAVE_MEMORY_H 1
| #define HAVE_STRINGS_H 1
| #define HAVE_INTTYPES_H 1
| #define HAVE_STDINT_H 1
| #define HAVE_UNISTD_H 1
| #define HAVE_DLFCN_H 1
| #define LT_OBJDIR ".libs/"
| #define HAVE_VSNPRINTF_IN_STD 1
| #define HAVE_GNU_GETOPT 1
| #define HAVE_PUTENV 1
| #define HAVE_SETENV 1
| #define HAVE_UNSETENV 1
| /* end confdefs.h.  */
| #include <cstdio>
| int
| main ()
| {
| std::setenv("a", "b");
|                      return 0;
|   ;
|   return 0;
| }
configure:15812: result: no
configure:15821: checking whether unsetenv is in std
configure:15835: g++ -c -g -O2  -Werror  -g -Wall -Wcast-qual -Wextra -Wno-unused-parameter -Wpointer-arith -Wredundant-decls -Wreturn-type -Wshadow -Wsign-compare -Wswitch -Wwrite-strings -D_FORTIFY_SOURCE=2 -Wabi -Wctor-dtor-privacy -Wno-deprecated -Wno-non-template-friend -Wno-pmf-conversions -Wnon-virtual-dtor -Woverloaded-virtual -Wreorder -Wsign-promo -Wsynth  conftest.cpp >&5
conftest.cpp: In function 'int main()':
conftest.cpp:33: error: 'unsetenv' is not a member of 'std'
configure:15835: $? = 1
configure: failed program was:
| /* confdefs.h */
| #define PACKAGE_NAME "Automated Testing Framework"
| #define PACKAGE_TARNAME "atf"
| #define PACKAGE_VERSION "0.12"
| #define PACKAGE_STRING "Automated Testing Framework 0.12"
| #define PACKAGE_BUGREPORT "atf-devel@NetBSD.org"
| #define PACKAGE_URL "http://www.NetBSD.org/~jmmv/atf/"
| #define PACKAGE_COPYRIGHT "Copyright (c) 2007, 2008, 2009, 2010 The NetBSD Foundation, Inc."
| #define PACKAGE "atf"
| #define VERSION "0.12"
| #define STDC_HEADERS 1
| #define HAVE_SYS_TYPES_H 1
| #define HAVE_SYS_STAT_H 1
| #define HAVE_STDLIB_H 1
| #define HAVE_STRING_H 1
| #define HAVE_MEMORY_H 1
| #define HAVE_STRINGS_H 1
| #define HAVE_INTTYPES_H 1
| #define HAVE_STDINT_H 1
| #define HAVE_UNISTD_H 1
| #define HAVE_DLFCN_H 1
| #define LT_OBJDIR ".libs/"
| #define HAVE_VSNPRINTF_IN_STD 1
| #define HAVE_GNU_GETOPT 1
| #define HAVE_PUTENV 1
| #define HAVE_SETENV 1
| #define HAVE_UNSETENV 1
| /* end confdefs.h.  */
| #include <cstdio>
| int
| main ()
| {
| std::unsetenv("a");
|                      return 0;
|   ;
|   return 0;
| }
configure:15842: result: no
configure:15851: checking whether basename takes a constant pointer
configure:15867: g++ -c -g -O2  -Werror  -g -Wall -Wcast-qual -Wextra -Wno-unused-parameter -Wpointer-arith -Wredundant-decls -Wreturn-type -Wshadow -Wsign-compare -Wswitch -Wwrite-strings -D_FORTIFY_SOURCE=2 -Wabi -Wctor-dtor-privacy -Wno-deprecated -Wno-non-template-friend -Wno-pmf-conversions -Wnon-virtual-dtor -Woverloaded-virtual -Wreorder -Wsign-promo -Wsynth  conftest.cpp >&5
conftest.cpp: In function 'int main()':
conftest.cpp:35: error: invalid conversion from 'const char*' to 'char*'
conftest.cpp:35: error:   initializing argument 1 of 'char* __xpg_basename(char*)'
configure:15867: $? = 1
configure: failed program was:
| /* confdefs.h */
| #define PACKAGE_NAME "Automated Testing Framework"
| #define PACKAGE_TARNAME "atf"
| #define PACKAGE_VERSION "0.12"
| #define PACKAGE_STRING "Automated Testing Framework 0.12"
| #define PACKAGE_BUGREPORT "atf-devel@NetBSD.org"
| #define PACKAGE_URL "http://www.NetBSD.org/~jmmv/atf/"
| #define PACKAGE_COPYRIGHT "Copyright (c) 2007, 2008, 2009, 2010 The NetBSD Foundation, Inc."
| #define PACKAGE "atf"
| #define VERSION "0.12"
| #define STDC_HEADERS 1
| #define HAVE_SYS_TYPES_H 1
| #define HAVE_SYS_STAT_H 1
| #define HAVE_STDLIB_H 1
| #define HAVE_STRING_H 1
| #define HAVE_MEMORY_H 1
| #define HAVE_STRINGS_H 1
| #define HAVE_INTTYPES_H 1
| #define HAVE_STDINT_H 1
| #define HAVE_UNISTD_H 1
| #define HAVE_DLFCN_H 1
| #define LT_OBJDIR ".libs/"
| #define HAVE_VSNPRINTF_IN_STD 1
| #define HAVE_GNU_GETOPT 1
| #define HAVE_PUTENV 1
| #define HAVE_SETENV 1
| #define HAVE_UNSETENV 1
| /* end confdefs.h.  */
| #include <libgen.h>
| int
| main ()
| {
| 
|          const char* s = "/foo/bar/";
|          (void)::basename(s);
| 
|   ;
|   return 0;
| }
configure:15874: result: no
configure:15879: checking whether dirname takes a constant pointer
configure:15895: g++ -c -g -O2  -Werror  -g -Wall -Wcast-qual -Wextra -Wno-unused-parameter -Wpointer-arith -Wredundant-decls -Wreturn-type -Wshadow -Wsign-compare -Wswitch -Wwrite-strings -D_FORTIFY_SOURCE=2 -Wabi -Wctor-dtor-privacy -Wno-deprecated -Wno-non-template-friend -Wno-pmf-conversions -Wnon-virtual-dtor -Woverloaded-virtual -Wreorder -Wsign-promo -Wsynth  conftest.cpp >&5
conftest.cpp: In function 'int main()':
conftest.cpp:35: error: invalid conversion from 'const char*' to 'char*'
conftest.cpp:35: error:   initializing argument 1 of 'char* dirname(char*)'
configure:15895: $? = 1
configure: failed program was:
| /* confdefs.h */
| #define PACKAGE_NAME "Automated Testing Framework"
| #define PACKAGE_TARNAME "atf"
| #define PACKAGE_VERSION "0.12"
| #define PACKAGE_STRING "Automated Testing Framework 0.12"
| #define PACKAGE_BUGREPORT "atf-devel@NetBSD.org"
| #define PACKAGE_URL "http://www.NetBSD.org/~jmmv/atf/"
| #define PACKAGE_COPYRIGHT "Copyright (c) 2007, 2008, 2009, 2010 The NetBSD Foundation, Inc."
| #define PACKAGE "atf"
| #define VERSION "0.12"
| #define STDC_HEADERS 1
| #define HAVE_SYS_TYPES_H 1
| #define HAVE_SYS_STAT_H 1
| #define HAVE_STDLIB_H 1
| #define HAVE_STRING_H 1
| #define HAVE_MEMORY_H 1
| #define HAVE_STRINGS_H 1
| #define HAVE_INTTYPES_H 1
| #define HAVE_STDINT_H 1
| #define HAVE_UNISTD_H 1
| #define HAVE_DLFCN_H 1
| #define LT_OBJDIR ".libs/"
| #define HAVE_VSNPRINTF_IN_STD 1
| #define HAVE_GNU_GETOPT 1
| #define HAVE_PUTENV 1
| #define HAVE_SETENV 1
| #define HAVE_UNSETENV 1
| /* end confdefs.h.  */
| #include <libgen.h>
| int
| main ()
| {
| 
|          const char* s = "/foo/bar/";
|          (void)::dirname(s);
| 
|   ;
|   return 0;
| }
configure:15902: result: no
configure:15907: checking whether getcwd(NULL, 0) works
configure:15930: g++ -o conftest -g -O2  -Werror  -g -Wall -Wcast-qual -Wextra -Wno-unused-parameter -Wpointer-arith -Wredundant-decls -Wreturn-type -Wshadow -Wsign-compare -Wswitch -Wwrite-strings -D_FORTIFY_SOURCE=2 -Wabi -Wctor-dtor-privacy -Wno-deprecated -Wno-non-template-friend -Wno-pmf-conversions -Wnon-virtual-dtor -Woverloaded-virtual -Wreorder -Wsign-promo -Wsynth   conftest.cpp  >&5
configure:15930: $? = 0
configure:15930: ./conftest
configure:15930: $? = 0
configure:15931: result: yes
configure:15947: checking for unmount
configure:15947: g++ -o conftest -g -O2  -Werror  -g -Wall -Wcast-qual -Wextra -Wno-unused-parameter -Wpointer-arith -Wredundant-decls -Wreturn-type -Wshadow -Wsign-compare -Wswitch -Wwrite-strings -D_FORTIFY_SOURCE=2 -Wabi -Wctor-dtor-privacy -Wno-deprecated -Wno-non-template-friend -Wno-pmf-conversions -Wnon-virtual-dtor -Woverloaded-virtual -Wreorder -Wsign-promo -Wsynth   conftest.cpp  >&5
/tmp/ccE7us2Y.o: In function `main':
/home/each/isc/bind97x/unit/atf-src/conftest.cpp:64: undefined reference to `unmount'
collect2: ld returned 1 exit status
configure:15947: $? = 1
configure: failed program was:
| /* confdefs.h */
| #define PACKAGE_NAME "Automated Testing Framework"
| #define PACKAGE_TARNAME "atf"
| #define PACKAGE_VERSION "0.12"
| #define PACKAGE_STRING "Automated Testing Framework 0.12"
| #define PACKAGE_BUGREPORT "atf-devel@NetBSD.org"
| #define PACKAGE_URL "http://www.NetBSD.org/~jmmv/atf/"
| #define PACKAGE_COPYRIGHT "Copyright (c) 2007, 2008, 2009, 2010 The NetBSD Foundation, Inc."
| #define PACKAGE "atf"
| #define VERSION "0.12"
| #define STDC_HEADERS 1
| #define HAVE_SYS_TYPES_H 1
| #define HAVE_SYS_STAT_H 1
| #define HAVE_STDLIB_H 1
| #define HAVE_STRING_H 1
| #define HAVE_MEMORY_H 1
| #define HAVE_STRINGS_H 1
| #define HAVE_INTTYPES_H 1
| #define HAVE_STDINT_H 1
| #define HAVE_UNISTD_H 1
| #define HAVE_DLFCN_H 1
| #define LT_OBJDIR ".libs/"
| #define HAVE_VSNPRINTF_IN_STD 1
| #define HAVE_GNU_GETOPT 1
| #define HAVE_PUTENV 1
| #define HAVE_SETENV 1
| #define HAVE_UNSETENV 1
| #define HAVE_GETCWD_DYN 1
| /* end confdefs.h.  */
| /* Define unmount to an innocuous variant, in case <limits.h> declares unmount.
|    For example, HP-UX 11i <limits.h> declares gettimeofday.  */
| #define unmount innocuous_unmount
| 
| /* System header to define __stub macros and hopefully few prototypes,
|     which can conflict with char unmount (); below.
|     Prefer <limits.h> to <assert.h> if __STDC__ is defined, since
|     <limits.h> exists even on freestanding compilers.  */
| 
| #ifdef __STDC__
| # include <limits.h>
| #else
| # include <assert.h>
| #endif
| 
| #undef unmount
| 
| /* Override any GCC internal prototype to avoid an error.
|    Use char because int might match the return type of a GCC
|    builtin and then its argument prototype would still apply.  */
| #ifdef __cplusplus
| extern "C"
| #endif
| char unmount ();
| /* The GNU C library defines this for functions which it implements
|     to always fail with ENOSYS.  Some functions are actually named
|     something starting with __ and the normal name is an alias.  */
| #if defined __stub_unmount || defined __stub___unmount
| choke me
| #endif
| 
| int
| main ()
| {
| return unmount ();
|   ;
|   return 0;
| }
configure:15947: result: no
configure:15960: checking whether snprintf is in std
configure:15975: g++ -c -g -O2  -Werror  -g -Wall -Wcast-qual -Wextra -Wno-unused-parameter -Wpointer-arith -Wredundant-decls -Wreturn-type -Wshadow -Wsign-compare -Wswitch -Wwrite-strings -D_FORTIFY_SOURCE=2 -Wabi -Wctor-dtor-privacy -Wno-deprecated -Wno-non-template-friend -Wno-pmf-conversions -Wnon-virtual-dtor -Woverloaded-virtual -Wreorder -Wsign-promo -Wsynth  conftest.cpp >&5
cc1plus: warnings being treated as errors
conftest.cpp: In function 'int main()':
conftest.cpp:35: error: zero-length gnu_printf format string
conftest.cpp:35: error: zero-length gnu_printf format string
configure:15975: $? = 1
configure: failed program was:
| /* confdefs.h */
| #define PACKAGE_NAME "Automated Testing Framework"
| #define PACKAGE_TARNAME "atf"
| #define PACKAGE_VERSION "0.12"
| #define PACKAGE_STRING "Automated Testing Framework 0.12"
| #define PACKAGE_BUGREPORT "atf-devel@NetBSD.org"
| #define PACKAGE_URL "http://www.NetBSD.org/~jmmv/atf/"
| #define PACKAGE_COPYRIGHT "Copyright (c) 2007, 2008, 2009, 2010 The NetBSD Foundation, Inc."
| #define PACKAGE "atf"
| #define VERSION "0.12"
| #define STDC_HEADERS 1
| #define HAVE_SYS_TYPES_H 1
| #define HAVE_SYS_STAT_H 1
| #define HAVE_STDLIB_H 1
| #define HAVE_STRING_H 1
| #define HAVE_MEMORY_H 1
| #define HAVE_STRINGS_H 1
| #define HAVE_INTTYPES_H 1
| #define HAVE_STDINT_H 1
| #define HAVE_UNISTD_H 1
| #define HAVE_DLFCN_H 1
| #define LT_OBJDIR ".libs/"
| #define HAVE_VSNPRINTF_IN_STD 1
| #define HAVE_GNU_GETOPT 1
| #define HAVE_PUTENV 1
| #define HAVE_SETENV 1
| #define HAVE_UNSETENV 1
| #define HAVE_GETCWD_DYN 1
| /* end confdefs.h.  */
| #include <cstdio>
| int
| main ()
| {
| char buf;
|                       std::snprintf(&buf, 1, "");
|                      return 0;
|   ;
|   return 0;
| }
configure:15982: result: no
configure:15991: checking for the last valid signal
configure:16051: g++ -o conftest -g -O2  -Werror  -g -Wall -Wcast-qual -Wextra -Wno-unused-parameter -Wpointer-arith -Wredundant-decls -Wreturn-type -Wshadow -Wsign-compare -Wswitch -Wwrite-strings -D_FORTIFY_SOURCE=2 -Wabi -Wctor-dtor-privacy -Wno-deprecated -Wno-non-template-friend -Wno-pmf-conversions -Wnon-virtual-dtor -Woverloaded-virtual -Wreorder -Wsign-promo -Wsynth   conftest.cpp  >&5
configure:16051: $? = 0
configure:16051: ./conftest
configure:16051: $? = 0
configure:16059: result: 31
configure:16132: Machine type: x86_64, architecture: amd64
configure:16199: checking for bash
configure:16217: found /bin/bash
configure:16229: result: /bin/bash
configure:16256: checking for mtn
configure:16289: result: no
configure:16428: creating ./config.status

## ---------------- ##
## Cache variables. ##
## ---------------- ##

ac_cv_build=x86_64-unknown-linux-gnu
ac_cv_c_compiler_gnu=yes
ac_cv_cxx_compiler_gnu=yes
ac_cv_env_ATF_BUILD_CC_set=
ac_cv_env_ATF_BUILD_CC_value=
ac_cv_env_ATF_BUILD_CFLAGS_set=
ac_cv_env_ATF_BUILD_CFLAGS_value=
ac_cv_env_ATF_BUILD_CPPFLAGS_set=
ac_cv_env_ATF_BUILD_CPPFLAGS_value=
ac_cv_env_ATF_BUILD_CPP_set=
ac_cv_env_ATF_BUILD_CPP_value=
ac_cv_env_ATF_BUILD_CXXFLAGS_set=
ac_cv_env_ATF_BUILD_CXXFLAGS_value=
ac_cv_env_ATF_BUILD_CXX_set=
ac_cv_env_ATF_BUILD_CXX_value=
ac_cv_env_ATF_CONFSUBDIR_set=
ac_cv_env_ATF_CONFSUBDIR_value=
ac_cv_env_ATF_SHELL_set=
ac_cv_env_ATF_SHELL_value=
ac_cv_env_ATF_WORKDIR_set=
ac_cv_env_ATF_WORKDIR_value=
ac_cv_env_CCC_set=
ac_cv_env_CCC_value=
ac_cv_env_CC_set=
ac_cv_env_CC_value=
ac_cv_env_CFLAGS_set=
ac_cv_env_CFLAGS_value=
ac_cv_env_CPPFLAGS_set=
ac_cv_env_CPPFLAGS_value=
ac_cv_env_CPP_set=
ac_cv_env_CPP_value=
ac_cv_env_CXXCPP_set=
ac_cv_env_CXXCPP_value=
ac_cv_env_CXXFLAGS_set=
ac_cv_env_CXXFLAGS_value=
ac_cv_env_CXX_set=
ac_cv_env_CXX_value=
ac_cv_env_LDFLAGS_set=
ac_cv_env_LDFLAGS_value=
ac_cv_env_LIBS_set=
ac_cv_env_LIBS_value=
ac_cv_env_build_alias_set=
ac_cv_env_build_alias_value=
ac_cv_env_host_alias_set=
ac_cv_env_host_alias_value=
ac_cv_env_target_alias_set=
ac_cv_env_target_alias_value=
ac_cv_func_putenv=yes
ac_cv_func_setenv=yes
ac_cv_func_unmount=no
ac_cv_func_unsetenv=yes
ac_cv_header_dlfcn_h=yes
ac_cv_header_inttypes_h=yes
ac_cv_header_memory_h=yes
ac_cv_header_stdc=yes
ac_cv_header_stdint_h=yes
ac_cv_header_stdlib_h=yes
ac_cv_header_string_h=yes
ac_cv_header_strings_h=yes
ac_cv_header_sys_stat_h=yes
ac_cv_header_sys_types_h=yes
ac_cv_header_unistd_h=yes
ac_cv_host=x86_64-unknown-linux-gnu
ac_cv_objext=o
ac_cv_path_ATF_SHELL=/bin/bash
ac_cv_path_EGREP='/bin/grep -E'
ac_cv_path_FGREP='/bin/grep -F'
ac_cv_path_GREP=/bin/grep
ac_cv_path_SED=/bin/sed
ac_cv_path_install='/usr/bin/install -c'
ac_cv_path_mkdir=/bin/mkdir
ac_cv_prog_AWK=gawk
ac_cv_prog_CPP='gcc -E'
ac_cv_prog_CXXCPP='g++ -E'
ac_cv_prog_ac_ct_AR=ar
ac_cv_prog_ac_ct_CC=gcc
ac_cv_prog_ac_ct_CXX=g++
ac_cv_prog_ac_ct_OBJDUMP=objdump
ac_cv_prog_ac_ct_RANLIB=ranlib
ac_cv_prog_ac_ct_STRIP=strip
ac_cv_prog_cc_c89=
ac_cv_prog_cc_g=yes
ac_cv_prog_cc_gcc_c_o=yes
ac_cv_prog_cxx_g=yes
ac_cv_prog_make_make_set=yes
ac_cv_target=x86_64-unknown-linux-gnu
am_cv_CC_dependencies_compiler_type=gcc3
am_cv_CXX_dependencies_compiler_type=gcc3
atf_cv_prog_cxx_works=yes
lt_cv_deplibs_check_method=pass_all
lt_cv_file_magic_cmd='$MAGIC_CMD'
lt_cv_file_magic_test_file=
lt_cv_ld_reload_flag=-r
lt_cv_nm_interface='BSD nm'
lt_cv_objdir=.libs
lt_cv_path_LD=/usr/bin/ld
lt_cv_path_LDCXX='/usr/bin/ld -m elf_x86_64'
lt_cv_path_NM='/usr/bin/nm -B'
lt_cv_prog_compiler_c_o=yes
lt_cv_prog_compiler_c_o_CXX=yes
lt_cv_prog_compiler_pic_works=yes
lt_cv_prog_compiler_pic_works_CXX=yes
lt_cv_prog_compiler_rtti_exceptions=no
lt_cv_prog_compiler_static_works=yes
lt_cv_prog_compiler_static_works_CXX=yes
lt_cv_prog_gnu_ld=yes
lt_cv_prog_gnu_ldcxx=yes
lt_cv_sys_global_symbol_pipe='sed -n -e '\''s/^.*[	 ]\([ABCDGIRSTW][ABCDGIRSTW]*\)[	 ][	 ]*\([_A-Za-z][_A-Za-z0-9]*\)$/\1 \2 \2/p'\'''
lt_cv_sys_global_symbol_to_c_name_address='sed -n -e '\''s/^: \([^ ]*\) $/  {\"\1\", (void *) 0},/p'\'' -e '\''s/^[ABCDGIRSTW]* \([^ ]*\) \([^ ]*\)$/  {"\2", (void *) \&\2},/p'\'''
lt_cv_sys_global_symbol_to_c_name_address_lib_prefix='sed -n -e '\''s/^: \([^ ]*\) $/  {\"\1\", (void *) 0},/p'\'' -e '\''s/^[ABCDGIRSTW]* \([^ ]*\) \(lib[^ ]*\)$/  {"\2", (void *) \&\2},/p'\'' -e '\''s/^[ABCDGIRSTW]* \([^ ]*\) \([^ ]*\)$/  {"lib\2", (void *) \&\2},/p'\'''
lt_cv_sys_global_symbol_to_cdecl='sed -n -e '\''s/^T .* \(.*\)$/extern int \1();/p'\'' -e '\''s/^[ABCDGIRSTW]* .* \(.*\)$/extern char \1;/p'\'''
lt_cv_sys_max_cmd_len=3458764513820540925

## ----------------- ##
## Output variables. ##
## ----------------- ##

ACLOCAL='${SHELL} /home/each/isc/bind97x/unit/atf-src/admin/missing --run aclocal-1.11'
AMDEPBACKSLASH='\'
AMDEP_FALSE='#'
AMDEP_TRUE=''
AMTAR='${SHELL} /home/each/isc/bind97x/unit/atf-src/admin/missing --run tar'
AR='ar'
ATF_BUILD_CC='gcc'
ATF_BUILD_CFLAGS='-g -O2  -Werror  -g -Wall -Wcast-qual -Wextra -Wno-unused-parameter -Wpointer-arith -Wredundant-decls -Wreturn-type -Wshadow -Wsign-compare -Wswitch -Wwrite-strings -D_FORTIFY_SOURCE=2 -Wmissing-prototypes -Wno-traditional'
ATF_BUILD_CPP='gcc -E'
ATF_BUILD_CPPFLAGS=''
ATF_BUILD_CXX='g++'
ATF_BUILD_CXXFLAGS='-g -O2  -Werror  -g -Wall -Wcast-qual -Wextra -Wno-unused-parameter -Wpointer-arith -Wredundant-decls -Wreturn-type -Wshadow -Wsign-compare -Wswitch -Wwrite-strings -D_FORTIFY_SOURCE=2 -Wabi -Wctor-dtor-privacy -Wno-deprecated -Wno-non-template-friend -Wno-pmf-conversions -Wnon-virtual-dtor -Woverloaded-virtual -Wreorder -Wsign-promo -Wsynth'
ATF_CONFSUBDIR='atf'
ATF_SHELL='/bin/bash'
ATF_WORKDIR='/tmp'
ATTRIBUTE_NORETURN='__attribute__((noreturn))'
AUTOCONF='${SHELL} /home/each/isc/bind97x/unit/atf-src/admin/missing --run autoconf'
AUTOHEADER='${SHELL} /home/each/isc/bind97x/unit/atf-src/admin/missing --run autoheader'
AUTOMAKE='${SHELL} /home/each/isc/bind97x/unit/atf-src/admin/missing --run automake-1.11'
AWK='gawk'
CC='gcc'
CCDEPMODE='depmode=gcc3'
CFLAGS='-g -O2  -Werror  -g -Wall -Wcast-qual -Wextra -Wno-unused-parameter -Wpointer-arith -Wredundant-decls -Wreturn-type -Wshadow -Wsign-compare -Wswitch -Wwrite-strings -D_FORTIFY_SOURCE=2 -Wmissing-prototypes -Wno-traditional'
CPP='gcc -E'
CPPFLAGS=''
CXX='g++'
CXXCPP='g++ -E'
CXXDEPMODE='depmode=gcc3'
CXXFLAGS='-g -O2  -Werror  -g -Wall -Wcast-qual -Wextra -Wno-unused-parameter -Wpointer-arith -Wredundant-decls -Wreturn-type -Wshadow -Wsign-compare -Wswitch -Wwrite-strings -D_FORTIFY_SOURCE=2 -Wabi -Wctor-dtor-privacy -Wno-deprecated -Wno-non-template-friend -Wno-pmf-conversions -Wnon-virtual-dtor -Woverloaded-virtual -Wreorder -Wsign-promo -Wsynth'
CYGPATH_W='echo'
DEFS='-DHAVE_CONFIG_H'
DEPDIR='.deps'
DSYMUTIL=''
DUMPBIN=''
ECHO_C=''
ECHO_N='-n'
ECHO_T=''
EGREP='/bin/grep -E'
EXEEXT=''
FGREP='/bin/grep -F'
GREP='/bin/grep'
INSTALL_DATA='${INSTALL} -m 644'
INSTALL_PROGRAM='${INSTALL}'
INSTALL_SCRIPT='${INSTALL}'
INSTALL_STRIP_PROGRAM='$(install_sh) -c -s'
LD='/usr/bin/ld -m elf_x86_64'
LDFLAGS=''
LIBOBJS=''
LIBS=''
LIBTOOL='$(SHELL) $(top_builddir)/libtool'
LIPO=''
LN_S='ln -s'
LTLIBOBJS=''
MAKEINFO='${SHELL} /home/each/isc/bind97x/unit/atf-src/admin/missing --run makeinfo'
MKDIR_P='/bin/mkdir -p'
MTN=''
NM='/usr/bin/nm -B'
NMEDIT=''
OBJDUMP='objdump'
OBJEXT='o'
OTOOL64=''
OTOOL=''
PACKAGE='atf'
PACKAGE_BUGREPORT='atf-devel@NetBSD.org'
PACKAGE_NAME='Automated Testing Framework'
PACKAGE_STRING='Automated Testing Framework 0.12'
PACKAGE_TARNAME='atf'
PACKAGE_URL='http://www.NetBSD.org/~jmmv/atf/'
PACKAGE_VERSION='0.12'
PATH_SEPARATOR=':'
RANLIB='ranlib'
SED='/bin/sed'
SET_MAKE=''
SHELL='/bin/bash'
STRIP='strip'
VERSION='0.12'
ac_ct_CC='gcc'
ac_ct_CXX='g++'
ac_ct_DUMPBIN=''
am__EXEEXT_FALSE=''
am__EXEEXT_TRUE='#'
am__fastdepCC_FALSE='#'
am__fastdepCC_TRUE=''
am__fastdepCXX_FALSE='#'
am__fastdepCXX_TRUE=''
am__include='include'
am__isrc=''
am__leading_dot='.'
am__quote=''
am__tar='${AMTAR} chof - "$$tardir"'
am__untar='${AMTAR} xf -'
atf_arch='amd64'
atf_confdir='${sysconfdir}/atf'
atf_cssdir='${datadir}/examples/atf'
atf_dtddir='${datadir}/xml/atf'
atf_egdir='${datadir}/examples/atf'
atf_machine='x86_64'
atf_pkgconfigdir='${libdir}/pkgconfig'
atf_xsldir='${datadir}/xsl/atf'
bindir='${exec_prefix}/bin'
build='x86_64-unknown-linux-gnu'
build_alias=''
build_cpu='x86_64'
build_os='linux-gnu'
build_vendor='unknown'
datadir='${datarootdir}'
datarootdir='${prefix}/share'
docdir='${datarootdir}/doc/${PACKAGE_TARNAME}'
dvidir='${docdir}'
exec_prefix='${prefix}'
host='x86_64-unknown-linux-gnu'
host_alias=''
host_cpu='x86_64'
host_os='linux-gnu'
host_vendor='unknown'
htmldir='${docdir}'
includedir='${prefix}/include'
infodir='${datarootdir}/info'
install_sh='${SHELL} /home/each/isc/bind97x/unit/atf-src/admin/install-sh'
libdir='${exec_prefix}/lib'
libexecdir='${exec_prefix}/libexec'
localedir='${datarootdir}/locale'
localstatedir='${prefix}/var'
lt_ECHO='echo'
mandir='${datarootdir}/man'
mkdir_p='/bin/mkdir -p'
oldincludedir='/usr/include'
pdfdir='${docdir}'
prefix='/home/each/isc/bind97x/unit/atf'
program_transform_name='s,x,x,'
psdir='${docdir}'
sbindir='${exec_prefix}/sbin'
sharedstatedir='${prefix}/com'
sysconfdir='${prefix}/etc'
target='x86_64-unknown-linux-gnu'
target_alias=''
target_cpu='x86_64'
target_os='linux-gnu'
target_srcdir=''
target_vendor='unknown'

## ----------- ##
## confdefs.h. ##
## ----------- ##

/* confdefs.h */
#define PACKAGE_NAME "Automated Testing Framework"
#define PACKAGE_TARNAME "atf"
#define PACKAGE_VERSION "0.12"
#define PACKAGE_STRING "Automated Testing Framework 0.12"
#define PACKAGE_BUGREPORT "atf-devel@NetBSD.org"
#define PACKAGE_URL "http://www.NetBSD.org/~jmmv/atf/"
#define PACKAGE_COPYRIGHT "Copyright (c) 2007, 2008, 2009, 2010 The NetBSD Foundation, Inc."
#define PACKAGE "atf"
#define VERSION "0.12"
#define STDC_HEADERS 1
#define HAVE_SYS_TYPES_H 1
#define HAVE_SYS_STAT_H 1
#define HAVE_STDLIB_H 1
#define HAVE_STRING_H 1
#define HAVE_MEMORY_H 1
#define HAVE_STRINGS_H 1
#define HAVE_INTTYPES_H 1
#define HAVE_STDINT_H 1
#define HAVE_UNISTD_H 1
#define HAVE_DLFCN_H 1
#define LT_OBJDIR ".libs/"
#define HAVE_VSNPRINTF_IN_STD 1
#define HAVE_GNU_GETOPT 1
#define HAVE_PUTENV 1
#define HAVE_SETENV 1
#define HAVE_UNSETENV 1
#define HAVE_GETCWD_DYN 1
#define LAST_SIGNO 31

configure: exit 0

## ---------------------- ##
## Running config.status. ##
## ---------------------- ##

This file was extended by Automated Testing Framework config.status 0.12, which was
generated by GNU Autoconf 2.65.  Invocation command line was

  CONFIG_FILES    = 
  CONFIG_HEADERS  = 
  CONFIG_LINKS    = 
  CONFIG_COMMANDS = 
  $ ./config.status 

on biscuit

config.status:1166: creating Makefile
config.status:1166: creating atf-c/defs.h
config.status:1166: creating bconfig.h
config.status:1338: bconfig.h is unchanged
config.status:1386: executing bootstrap/atconfig commands
config.status:1386: executing depfiles commands
config.status:1386: executing libtool commands
